[ 2019-02-23 12:19:40 ] [ INFO ] [ HttpdServer.hpp ] [ 76 ] [ Init Server Success!! ]
[ 2019-02-23 12:19:40 ] [ INFO ] [ HttpdServer.hpp ] [ 81 ] [ Start Server Begin!! ]
[ 2019-02-23 12:19:50 ] [ INFO ] [ HttpdServer.hpp ] [ 113 ] [ Get New Client, Create Thread Handler Rquest... ]
[ 2019-02-23 12:19:50 ] [ INFO ] [ ThreadPool.hpp ] [ 88 ] [ Task has be taken, handler... ]
[ 2019-02-23 12:19:50 ] [ INFO ] [ ProtocolUtil.hpp ] [ 121 ] [ Request:GET /date.html HTTP/1. ]
[ 2019-02-23 12:19:50 ] [ INFO ] [ ProtocolUtil.hpp ] [ 599 ] [ Request Path Is OK!! ]
[ 2019-02-23 12:19:50 ] [ INFO ] [ ProtocolUtil.hpp ] [ 605 ] [ Request Head Parse Succes ]
[ 2019-02-23 12:19:50 ] [ INFO ] [ ProtocolUtil.hpp ] [ 627 ] [ Make Response Succes!! ]
[ 2019-02-23 12:19:50 ] [ INFO ] [ HttpdServer.hpp ] [ 113 ] [ Get New Client, Create Thread Handler Rquest... ]
[ 2019-02-23 12:19:51 ] [ INFO ] [ HttpdServer.hpp ] [ 113 ] [ Get New Client, Create Thread Handler Rquest... ]
[ 2019-02-23 12:20:03 ] [ INFO ] [ ThreadPool.hpp ] [ 88 ] [ Task has be taken, handler... ]
[ 2019-02-23 12:20:03 ] [ INFO ] [ ProtocolUtil.hpp ] [ 121 ] [ Request: ]
[ 2019-02-23 12:20:03 ] [ INFO ] [ ThreadPool.hpp ] [ 88 ] [ Task has be taken, handler... ]
[ 2019-02-23 12:20:03 ] [ INFO ] [ ProtocolUtil.hpp ] [ 121 ] [ Request: ]
[ 2019-02-23 12:20:04 ] [ INFO ] [ HttpdServer.hpp ] [ 113 ] [ Get New Client, Create Thread Handler Rquest... ]
[ 2019-02-23 12:20:04 ] [ INFO ] [ HttpdServer.hpp ] [ 113 ] [ Get New Client, Create Thread Handler Rquest... ]
[ 2019-02-23 12:20:04 ] [ INFO ] [ ThreadPool.hpp ] [ 88 ] [ Task has be taken, handler... ]
[ 2019-02-23 12:20:04 ] [ INFO ] [ ProtocolUtil.hpp ] [ 121 ] [ Request:POST /date HTTP/1. ]
[ 2019-02-23 12:20:04 ] [ INFO ] [ ProtocolUtil.hpp ] [ 599 ] [ Request Path Is OK!! ]
[ 2019-02-23 12:20:04 ] [ INFO ] [ ProtocolUtil.hpp ] [ 605 ] [ Request Head Parse Succes ]
[ 2019-02-23 12:20:04 ] [ INFO ] [ ProtocolUtil.hpp ] [ 627 ] [ Make Response Succes!! ]
[ 2019-02-23 12:20:21 ] [ INFO ] [ ThreadPool.hpp ] [ 88 ] [ Task has be taken, handler... ]
[ 2019-02-23 12:20:21 ] [ INFO ] [ ProtocolUtil.hpp ] [ 121 ] [ Request: ]
